The system is: Linux - 5.10.60.1-microsoft-standard-WSL2 - x86_64
Compiling the C compiler identification source file "CMakeCCompilerId.c" succeeded.
Compiler: /bin/x86_64-linux-gnu-gcc-9 
Build flags: 
Id flags:  

The output was:
0


Compilation of the C compiler identification source "CMakeCCompilerId.c" produced "a.out"

The C compiler identification is GNU, found in "/mnt/c/Users/sonci/Documenti/xTetris/build/CMakeFiles/3.16.3/CompilerIdC/a.out"

Compiling the CXX compiler identification source file "CMakeCXXCompilerId.cpp" succeeded.
Compiler: /bin/x86_64-linux-gnu-g++-9 
Build flags: 
Id flags:  

The output was:
0


Compilation of the CXX compiler identification source "CMakeCXXCompilerId.cpp" produced "a.out"

The CXX compiler identification is GNU, found in "/mnt/c/Users/sonci/Documenti/xTetris/build/CMakeFiles/3.16.3/CompilerIdCXX/a.out"

Determining if the C compiler works passed with the following output:
Change Dir: /mnt/c/Users/sonci/Documenti/xTetris/build/CMakeFiles/CMakeTmp

Run Build Command(s):/usr/bin/make cmTC_c85ba/fast && /usr/bin/make -f CMakeFiles/cmTC_c85ba.dir/build.make CMakeFiles/cmTC_c85ba.dir/build
make[1]: Entering directory '/mnt/c/Users/sonci/Documents/xTetris/build/CMakeFiles/CMakeTmp'
Building C object CMakeFiles/cmTC_c85ba.dir/testCCompiler.c.o
/bin/x86_64-linux-gnu-gcc-9    -o CMakeFiles/cmTC_c85ba.dir/testCCompiler.c.o   -c /mnt/c/Users/sonci/Documenti/xTetris/build/CMakeFiles/CMakeTmp/testCCompiler.c
Linking C executable cmTC_c85ba
/usr/bin/cmake -E cmake_link_script CMakeFiles/cmTC_c85ba.dir/link.txt --verbose=1
/bin/x86_64-linux-gnu-gcc-9      CMakeFiles/cmTC_c85ba.dir/testCCompiler.c.o  -o cmTC_c85ba 
make[1]: Leaving directory '/mnt/c/Users/sonci/Documents/xTetris/build/CMakeFiles/CMakeTmp'



Determining if the CXX compiler works passed with the following output:
Change Dir: /mnt/c/Users/sonci/Documenti/xTetris/build/CMakeFiles/CMakeTmp

Run Build Command(s):/usr/bin/make cmTC_36ece/fast && /usr/bin/make -f CMakeFiles/cmTC_36ece.dir/build.make CMakeFiles/cmTC_36ece.dir/build
make[1]: Entering directory '/mnt/c/Users/sonci/Documents/xTetris/build/CMakeFiles/CMakeTmp'
Building CXX object CMakeFiles/cmTC_36ece.dir/testCXXCompiler.cxx.o
/bin/x86_64-linux-gnu-g++-9     -o CMakeFiles/cmTC_36ece.dir/testCXXCompiler.cxx.o -c /mnt/c/Users/sonci/Documenti/xTetris/build/CMakeFiles/CMakeTmp/testCXXCompiler.cxx
Linking CXX executable cmTC_36ece
/usr/bin/cmake -E cmake_link_script CMakeFiles/cmTC_36ece.dir/link.txt --verbose=1
/bin/x86_64-linux-gnu-g++-9       CMakeFiles/cmTC_36ece.dir/testCXXCompiler.cxx.o  -o cmTC_36ece 
make[1]: Leaving directory '/mnt/c/Users/sonci/Documents/xTetris/build/CMakeFiles/CMakeTmp'



